<?xml version="1.0" encoding="UTF-8"?>
<robot generator="Robot 6.1.1 (Python 3.12.0 on linux)" generated="20231118 10:13:36.782" rpa="false" schemaversion="4">
<suite id="s1" name="Register" source="/home/rellen/palautusrepositorio_ohtu/viikko3/web-login/src/tests/register.robot">
<kw name="Open And Configure Browser" library="resource" type="SETUP">
<kw name="Evaluate" library="BuiltIn">
<var>${options}</var>
<arg>sys.modules['selenium.webdriver'].ChromeOptions()</arg>
<arg>sys</arg>
<doc>Evaluates the given expression in Python and returns the result.</doc>
<msg timestamp="20231118 10:13:36.886" level="INFO">${options} = &lt;selenium.webdriver.chrome.options.Options object at 0x7f95f62b3e00&gt;</msg>
<status status="PASS" starttime="20231118 10:13:36.886" endtime="20231118 10:13:36.886"/>
</kw>
<kw name="Call Method" library="BuiltIn">
<arg>${options}</arg>
<arg>add_argument</arg>
<arg>--no-sandbox</arg>
<doc>Calls the named method of the given object with the provided arguments.</doc>
<status status="PASS" starttime="20231118 10:13:36.886" endtime="20231118 10:13:36.886"/>
</kw>
<kw name="Call Method" library="BuiltIn">
<arg>${options}</arg>
<arg>add_argument</arg>
<arg>--headless</arg>
<doc>Calls the named method of the given object with the provided arguments.</doc>
<status status="PASS" starttime="20231118 10:13:36.886" endtime="20231118 10:13:36.886"/>
</kw>
<kw name="Open Browser" library="SeleniumLibrary">
<arg>browser=chrome</arg>
<arg>options=${options}</arg>
<doc>Opens a new browser instance to the optional ``url``.</doc>
<msg timestamp="20231118 10:13:36.887" level="INFO">Opening browser 'chrome' to base url 'None'.</msg>
<status status="PASS" starttime="20231118 10:13:36.886" endtime="20231118 10:13:37.537"/>
</kw>
<kw name="Set Selenium Speed" library="SeleniumLibrary">
<arg>${DELAY}</arg>
<doc>Sets the delay that is waited after each Selenium command.</doc>
<status status="PASS" starttime="20231118 10:13:37.538" endtime="20231118 10:13:37.538"/>
</kw>
<status status="PASS" starttime="20231118 10:13:36.886" endtime="20231118 10:13:37.538"/>
</kw>
<test id="s1-t1" name="Register With Valid Username And Password" line="9">
<kw name="Go To Register Page" library="resource" type="SETUP">
<kw name="Go To" library="SeleniumLibrary">
<arg>${REGISTER_URL}</arg>
<doc>Navigates the current browser window to the provided ``url``.</doc>
<msg timestamp="20231118 10:13:37.539" level="INFO">Opening url 'http://localhost:5001/register'</msg>
<status status="PASS" starttime="20231118 10:13:37.539" endtime="20231118 10:13:37.590"/>
</kw>
<status status="PASS" starttime="20231118 10:13:37.539" endtime="20231118 10:13:37.590"/>
</kw>
<kw name="Set Username">
<arg>test</arg>
<kw name="Input Text" library="SeleniumLibrary">
<arg>username</arg>
<arg>${username}</arg>
<doc>Types the given ``text`` into the text field identified by ``locator``.</doc>
<msg timestamp="20231118 10:13:37.591" level="INFO">Typing text 'test' into text field 'username'.</msg>
<status status="PASS" starttime="20231118 10:13:37.590" endtime="20231118 10:13:37.640"/>
</kw>
<status status="PASS" starttime="20231118 10:13:37.590" endtime="20231118 10:13:37.640"/>
</kw>
<kw name="Set Password">
<arg>testing1</arg>
<kw name="Input Password" library="SeleniumLibrary">
<arg>password</arg>
<arg>${password}</arg>
<doc>Types the given password into the text field identified by ``locator``.</doc>
<msg timestamp="20231118 10:13:37.641" level="INFO">Typing password into text field 'password'.</msg>
<msg timestamp="20231118 10:13:37.658" level="INFO">Temporally setting log level to: NONE</msg>
<msg timestamp="20231118 10:13:37.677" level="INFO">Log level changed from NONE to INFO.</msg>
<status status="PASS" starttime="20231118 10:13:37.641" endtime="20231118 10:13:37.677"/>
</kw>
<status status="PASS" starttime="20231118 10:13:37.640" endtime="20231118 10:13:37.678"/>
</kw>
<kw name="Set Password confirmation">
<arg>testing1</arg>
<kw name="Input Password" library="SeleniumLibrary">
<arg>password_confirmation</arg>
<arg>${password_confirmation}</arg>
<doc>Types the given password into the text field identified by ``locator``.</doc>
<msg timestamp="20231118 10:13:37.678" level="INFO">Typing password into text field 'password_confirmation'.</msg>
<msg timestamp="20231118 10:13:37.695" level="INFO">Temporally setting log level to: NONE</msg>
<msg timestamp="20231118 10:13:37.713" level="INFO">Log level changed from NONE to INFO.</msg>
<status status="PASS" starttime="20231118 10:13:37.678" endtime="20231118 10:13:37.713"/>
</kw>
<status status="PASS" starttime="20231118 10:13:37.678" endtime="20231118 10:13:37.714"/>
</kw>
<kw name="Submit Register">
<kw name="Click Button" library="SeleniumLibrary">
<arg>Register</arg>
<doc>Clicks the button identified by ``locator``.</doc>
<msg timestamp="20231118 10:13:37.714" level="INFO">Clicking button 'Register'.</msg>
<status status="PASS" starttime="20231118 10:13:37.714" endtime="20231118 10:13:37.751"/>
</kw>
<status status="PASS" starttime="20231118 10:13:37.714" endtime="20231118 10:13:37.751"/>
</kw>
<kw name="Register Should Succeed">
<kw name="Welcome Page Should Be Open" library="resource">
<kw name="Title Should Be" library="SeleniumLibrary">
<arg>Welcome to Ohtu Application!</arg>
<doc>Verifies that the current page title equals ``title``.</doc>
<msg timestamp="20231118 10:13:37.754" level="INFO">Page title is 'Welcome to Ohtu Application!'.</msg>
<status status="PASS" starttime="20231118 10:13:37.752" endtime="20231118 10:13:37.754"/>
</kw>
<status status="PASS" starttime="20231118 10:13:37.752" endtime="20231118 10:13:37.754"/>
</kw>
<status status="PASS" starttime="20231118 10:13:37.752" endtime="20231118 10:13:37.754"/>
</kw>
<status status="PASS" starttime="20231118 10:13:37.538" endtime="20231118 10:13:37.754"/>
</test>
<test id="s1-t2" name="Register With Too Short Username And Valid Password" line="16">
<kw name="Go To Register Page" library="resource" type="SETUP">
<kw name="Go To" library="SeleniumLibrary">
<arg>${REGISTER_URL}</arg>
<doc>Navigates the current browser window to the provided ``url``.</doc>
<msg timestamp="20231118 10:13:37.755" level="INFO">Opening url 'http://localhost:5001/register'</msg>
<status status="PASS" starttime="20231118 10:13:37.755" endtime="20231118 10:13:37.762"/>
</kw>
<status status="PASS" starttime="20231118 10:13:37.755" endtime="20231118 10:13:37.762"/>
</kw>
<kw name="Set Username">
<arg>te</arg>
<kw name="Input Text" library="SeleniumLibrary">
<arg>username</arg>
<arg>${username}</arg>
<doc>Types the given ``text`` into the text field identified by ``locator``.</doc>
<msg timestamp="20231118 10:13:37.763" level="INFO">Typing text 'te' into text field 'username'.</msg>
<status status="PASS" starttime="20231118 10:13:37.763" endtime="20231118 10:13:37.796"/>
</kw>
<status status="PASS" starttime="20231118 10:13:37.762" endtime="20231118 10:13:37.796"/>
</kw>
<kw name="Set Password">
<arg>testing111</arg>
<kw name="Input Password" library="SeleniumLibrary">
<arg>password</arg>
<arg>${password}</arg>
<doc>Types the given password into the text field identified by ``locator``.</doc>
<msg timestamp="20231118 10:13:37.797" level="INFO">Typing password into text field 'password'.</msg>
<msg timestamp="20231118 10:13:37.812" level="INFO">Temporally setting log level to: NONE</msg>
<msg timestamp="20231118 10:13:37.830" level="INFO">Log level changed from NONE to INFO.</msg>
<status status="PASS" starttime="20231118 10:13:37.796" endtime="20231118 10:13:37.830"/>
</kw>
<status status="PASS" starttime="20231118 10:13:37.796" endtime="20231118 10:13:37.830"/>
</kw>
<kw name="Set Password confirmation">
<arg>testing111</arg>
<kw name="Input Password" library="SeleniumLibrary">
<arg>password_confirmation</arg>
<arg>${password_confirmation}</arg>
<doc>Types the given password into the text field identified by ``locator``.</doc>
<msg timestamp="20231118 10:13:37.831" level="INFO">Typing password into text field 'password_confirmation'.</msg>
<msg timestamp="20231118 10:13:37.846" level="INFO">Temporally setting log level to: NONE</msg>
<msg timestamp="20231118 10:13:37.864" level="INFO">Log level changed from NONE to INFO.</msg>
<status status="PASS" starttime="20231118 10:13:37.830" endtime="20231118 10:13:37.864"/>
</kw>
<status status="PASS" starttime="20231118 10:13:37.830" endtime="20231118 10:13:37.864"/>
</kw>
<kw name="Submit Register">
<kw name="Click Button" library="SeleniumLibrary">
<arg>Register</arg>
<doc>Clicks the button identified by ``locator``.</doc>
<msg timestamp="20231118 10:13:37.865" level="INFO">Clicking button 'Register'.</msg>
<status status="PASS" starttime="20231118 10:13:37.865" endtime="20231118 10:13:37.894"/>
</kw>
<status status="PASS" starttime="20231118 10:13:37.865" endtime="20231118 10:13:37.894"/>
</kw>
<kw name="Register Should Fail With Message">
<arg>Username invalid</arg>
<kw name="Register Page Should Be Open" library="resource">
<kw name="Title Should Be" library="SeleniumLibrary">
<arg>Register</arg>
<doc>Verifies that the current page title equals ``title``.</doc>
<msg timestamp="20231118 10:13:37.897" level="INFO">Page title is 'Register'.</msg>
<status status="PASS" starttime="20231118 10:13:37.895" endtime="20231118 10:13:37.897"/>
</kw>
<status status="PASS" starttime="20231118 10:13:37.895" endtime="20231118 10:13:37.897"/>
</kw>
<kw name="Page Should Contain" library="SeleniumLibrary">
<arg>${message}</arg>
<doc>Verifies that current page contains ``text``.</doc>
<msg timestamp="20231118 10:13:37.904" level="INFO">Current page contains text 'Username invalid'.</msg>
<status status="PASS" starttime="20231118 10:13:37.897" endtime="20231118 10:13:37.904"/>
</kw>
<status status="PASS" starttime="20231118 10:13:37.894" endtime="20231118 10:13:37.904"/>
</kw>
<status status="PASS" starttime="20231118 10:13:37.755" endtime="20231118 10:13:37.904"/>
</test>
<test id="s1-t3" name="Register With Valid Username And Invalid Password" line="23">
<kw name="Go To Register Page" library="resource" type="SETUP">
<kw name="Go To" library="SeleniumLibrary">
<arg>${REGISTER_URL}</arg>
<doc>Navigates the current browser window to the provided ``url``.</doc>
<msg timestamp="20231118 10:13:37.905" level="INFO">Opening url 'http://localhost:5001/register'</msg>
<status status="PASS" starttime="20231118 10:13:37.905" endtime="20231118 10:13:37.912"/>
</kw>
<status status="PASS" starttime="20231118 10:13:37.905" endtime="20231118 10:13:37.912"/>
</kw>
<kw name="Set Username">
<arg>moi</arg>
<kw name="Input Text" library="SeleniumLibrary">
<arg>username</arg>
<arg>${username}</arg>
<doc>Types the given ``text`` into the text field identified by ``locator``.</doc>
<msg timestamp="20231118 10:13:37.912" level="INFO">Typing text 'moi' into text field 'username'.</msg>
<status status="PASS" starttime="20231118 10:13:37.912" endtime="20231118 10:13:37.946"/>
</kw>
<status status="PASS" starttime="20231118 10:13:37.912" endtime="20231118 10:13:37.946"/>
</kw>
<kw name="Set Password">
<arg>moi1</arg>
<kw name="Input Password" library="SeleniumLibrary">
<arg>password</arg>
<arg>${password}</arg>
<doc>Types the given password into the text field identified by ``locator``.</doc>
<msg timestamp="20231118 10:13:37.946" level="INFO">Typing password into text field 'password'.</msg>
<msg timestamp="20231118 10:13:37.962" level="INFO">Temporally setting log level to: NONE</msg>
<msg timestamp="20231118 10:13:37.979" level="INFO">Log level changed from NONE to INFO.</msg>
<status status="PASS" starttime="20231118 10:13:37.946" endtime="20231118 10:13:37.979"/>
</kw>
<status status="PASS" starttime="20231118 10:13:37.946" endtime="20231118 10:13:37.979"/>
</kw>
<kw name="Set Password confirmation">
<arg>moi1</arg>
<kw name="Input Password" library="SeleniumLibrary">
<arg>password_confirmation</arg>
<arg>${password_confirmation}</arg>
<doc>Types the given password into the text field identified by ``locator``.</doc>
<msg timestamp="20231118 10:13:37.980" level="INFO">Typing password into text field 'password_confirmation'.</msg>
<msg timestamp="20231118 10:13:37.995" level="INFO">Temporally setting log level to: NONE</msg>
<msg timestamp="20231118 10:13:38.012" level="INFO">Log level changed from NONE to INFO.</msg>
<status status="PASS" starttime="20231118 10:13:37.980" endtime="20231118 10:13:38.012"/>
</kw>
<status status="PASS" starttime="20231118 10:13:37.980" endtime="20231118 10:13:38.012"/>
</kw>
<kw name="Submit Register">
<kw name="Click Button" library="SeleniumLibrary">
<arg>Register</arg>
<doc>Clicks the button identified by ``locator``.</doc>
<msg timestamp="20231118 10:13:38.013" level="INFO">Clicking button 'Register'.</msg>
<status status="PASS" starttime="20231118 10:13:38.013" endtime="20231118 10:13:38.041"/>
</kw>
<status status="PASS" starttime="20231118 10:13:38.012" endtime="20231118 10:13:38.041"/>
</kw>
<kw name="Register Should Fail With Message">
<arg>Password invalid</arg>
<kw name="Register Page Should Be Open" library="resource">
<kw name="Title Should Be" library="SeleniumLibrary">
<arg>Register</arg>
<doc>Verifies that the current page title equals ``title``.</doc>
<msg timestamp="20231118 10:13:38.043" level="INFO">Page title is 'Register'.</msg>
<status status="PASS" starttime="20231118 10:13:38.041" endtime="20231118 10:13:38.043"/>
</kw>
<status status="PASS" starttime="20231118 10:13:38.041" endtime="20231118 10:13:38.044"/>
</kw>
<kw name="Page Should Contain" library="SeleniumLibrary">
<arg>${message}</arg>
<doc>Verifies that current page contains ``text``.</doc>
<msg timestamp="20231118 10:13:38.051" level="INFO">Current page contains text 'Password invalid'.</msg>
<status status="PASS" starttime="20231118 10:13:38.044" endtime="20231118 10:13:38.051"/>
</kw>
<status status="PASS" starttime="20231118 10:13:38.041" endtime="20231118 10:13:38.051"/>
</kw>
<status status="PASS" starttime="20231118 10:13:37.905" endtime="20231118 10:13:38.051"/>
</test>
<test id="s1-t4" name="Register With Nonmatching Password And Password Confirmation" line="30">
<kw name="Go To Register Page" library="resource" type="SETUP">
<kw name="Go To" library="SeleniumLibrary">
<arg>${REGISTER_URL}</arg>
<doc>Navigates the current browser window to the provided ``url``.</doc>
<msg timestamp="20231118 10:13:38.052" level="INFO">Opening url 'http://localhost:5001/register'</msg>
<status status="PASS" starttime="20231118 10:13:38.052" endtime="20231118 10:13:38.059"/>
</kw>
<status status="PASS" starttime="20231118 10:13:38.052" endtime="20231118 10:13:38.059"/>
</kw>
<kw name="Set Username">
<arg>testi</arg>
<kw name="Input Text" library="SeleniumLibrary">
<arg>username</arg>
<arg>${username}</arg>
<doc>Types the given ``text`` into the text field identified by ``locator``.</doc>
<msg timestamp="20231118 10:13:38.059" level="INFO">Typing text 'testi' into text field 'username'.</msg>
<status status="PASS" starttime="20231118 10:13:38.059" endtime="20231118 10:13:38.092"/>
</kw>
<status status="PASS" starttime="20231118 10:13:38.059" endtime="20231118 10:13:38.092"/>
</kw>
<kw name="Set Password">
<arg>moimoi123</arg>
<kw name="Input Password" library="SeleniumLibrary">
<arg>password</arg>
<arg>${password}</arg>
<doc>Types the given password into the text field identified by ``locator``.</doc>
<msg timestamp="20231118 10:13:38.093" level="INFO">Typing password into text field 'password'.</msg>
<msg timestamp="20231118 10:13:38.108" level="INFO">Temporally setting log level to: NONE</msg>
<msg timestamp="20231118 10:13:38.127" level="INFO">Log level changed from NONE to INFO.</msg>
<status status="PASS" starttime="20231118 10:13:38.093" endtime="20231118 10:13:38.127"/>
</kw>
<status status="PASS" starttime="20231118 10:13:38.093" endtime="20231118 10:13:38.127"/>
</kw>
<kw name="Set Password confirmation">
<arg>moimoi321</arg>
<kw name="Input Password" library="SeleniumLibrary">
<arg>password_confirmation</arg>
<arg>${password_confirmation}</arg>
<doc>Types the given password into the text field identified by ``locator``.</doc>
<msg timestamp="20231118 10:13:38.127" level="INFO">Typing password into text field 'password_confirmation'.</msg>
<msg timestamp="20231118 10:13:38.142" level="INFO">Temporally setting log level to: NONE</msg>
<msg timestamp="20231118 10:13:38.161" level="INFO">Log level changed from NONE to INFO.</msg>
<status status="PASS" starttime="20231118 10:13:38.127" endtime="20231118 10:13:38.161"/>
</kw>
<status status="PASS" starttime="20231118 10:13:38.127" endtime="20231118 10:13:38.161"/>
</kw>
<kw name="Submit Register">
<kw name="Click Button" library="SeleniumLibrary">
<arg>Register</arg>
<doc>Clicks the button identified by ``locator``.</doc>
<msg timestamp="20231118 10:13:38.161" level="INFO">Clicking button 'Register'.</msg>
<status status="PASS" starttime="20231118 10:13:38.161" endtime="20231118 10:13:38.190"/>
</kw>
<status status="PASS" starttime="20231118 10:13:38.161" endtime="20231118 10:13:38.190"/>
</kw>
<kw name="Register Should Fail With Message">
<arg>Passwords don't match</arg>
<kw name="Register Page Should Be Open" library="resource">
<kw name="Title Should Be" library="SeleniumLibrary">
<arg>Register</arg>
<doc>Verifies that the current page title equals ``title``.</doc>
<msg timestamp="20231118 10:13:38.192" level="INFO">Page title is 'Register'.</msg>
<status status="PASS" starttime="20231118 10:13:38.190" endtime="20231118 10:13:38.192"/>
</kw>
<status status="PASS" starttime="20231118 10:13:38.190" endtime="20231118 10:13:38.192"/>
</kw>
<kw name="Page Should Contain" library="SeleniumLibrary">
<arg>${message}</arg>
<doc>Verifies that current page contains ``text``.</doc>
<msg timestamp="20231118 10:13:38.200" level="INFO">Current page contains text 'Passwords don't match'.</msg>
<status status="PASS" starttime="20231118 10:13:38.192" endtime="20231118 10:13:38.200"/>
</kw>
<status status="PASS" starttime="20231118 10:13:38.190" endtime="20231118 10:13:38.200"/>
</kw>
<status status="PASS" starttime="20231118 10:13:38.052" endtime="20231118 10:13:38.200"/>
</test>
<test id="s1-t5" name="Login After Successful Registration" line="37">
<kw name="Go To Register Page" library="resource" type="SETUP">
<kw name="Go To" library="SeleniumLibrary">
<arg>${REGISTER_URL}</arg>
<doc>Navigates the current browser window to the provided ``url``.</doc>
<msg timestamp="20231118 10:13:38.201" level="INFO">Opening url 'http://localhost:5001/register'</msg>
<status status="PASS" starttime="20231118 10:13:38.201" endtime="20231118 10:13:38.207"/>
</kw>
<status status="PASS" starttime="20231118 10:13:38.200" endtime="20231118 10:13:38.207"/>
</kw>
<kw name="Set Username">
<arg>heii</arg>
<kw name="Input Text" library="SeleniumLibrary">
<arg>username</arg>
<arg>${username}</arg>
<doc>Types the given ``text`` into the text field identified by ``locator``.</doc>
<msg timestamp="20231118 10:13:38.208" level="INFO">Typing text 'heii' into text field 'username'.</msg>
<status status="PASS" starttime="20231118 10:13:38.208" endtime="20231118 10:13:38.240"/>
</kw>
<status status="PASS" starttime="20231118 10:13:38.207" endtime="20231118 10:13:38.240"/>
</kw>
<kw name="Set Password">
<arg>testi12345</arg>
<kw name="Input Password" library="SeleniumLibrary">
<arg>password</arg>
<arg>${password}</arg>
<doc>Types the given password into the text field identified by ``locator``.</doc>
<msg timestamp="20231118 10:13:38.241" level="INFO">Typing password into text field 'password'.</msg>
<msg timestamp="20231118 10:13:38.256" level="INFO">Temporally setting log level to: NONE</msg>
<msg timestamp="20231118 10:13:38.274" level="INFO">Log level changed from NONE to INFO.</msg>
<status status="PASS" starttime="20231118 10:13:38.241" endtime="20231118 10:13:38.274"/>
</kw>
<status status="PASS" starttime="20231118 10:13:38.240" endtime="20231118 10:13:38.274"/>
</kw>
<kw name="Set Password confirmation">
<arg>testi12345</arg>
<kw name="Input Password" library="SeleniumLibrary">
<arg>password_confirmation</arg>
<arg>${password_confirmation}</arg>
<doc>Types the given password into the text field identified by ``locator``.</doc>
<msg timestamp="20231118 10:13:38.275" level="INFO">Typing password into text field 'password_confirmation'.</msg>
<msg timestamp="20231118 10:13:38.291" level="INFO">Temporally setting log level to: NONE</msg>
<msg timestamp="20231118 10:13:38.309" level="INFO">Log level changed from NONE to INFO.</msg>
<status status="PASS" starttime="20231118 10:13:38.274" endtime="20231118 10:13:38.309"/>
</kw>
<status status="PASS" starttime="20231118 10:13:38.274" endtime="20231118 10:13:38.309"/>
</kw>
<kw name="Submit Register">
<kw name="Click Button" library="SeleniumLibrary">
<arg>Register</arg>
<doc>Clicks the button identified by ``locator``.</doc>
<msg timestamp="20231118 10:13:38.310" level="INFO">Clicking button 'Register'.</msg>
<status status="PASS" starttime="20231118 10:13:38.309" endtime="20231118 10:13:38.336"/>
</kw>
<status status="PASS" starttime="20231118 10:13:38.309" endtime="20231118 10:13:38.336"/>
</kw>
<kw name="Register Should Succeed">
<kw name="Welcome Page Should Be Open" library="resource">
<kw name="Title Should Be" library="SeleniumLibrary">
<arg>Welcome to Ohtu Application!</arg>
<doc>Verifies that the current page title equals ``title``.</doc>
<msg timestamp="20231118 10:13:38.339" level="INFO">Page title is 'Welcome to Ohtu Application!'.</msg>
<status status="PASS" starttime="20231118 10:13:38.337" endtime="20231118 10:13:38.339"/>
</kw>
<status status="PASS" starttime="20231118 10:13:38.337" endtime="20231118 10:13:38.339"/>
</kw>
<status status="PASS" starttime="20231118 10:13:38.336" endtime="20231118 10:13:38.339"/>
</kw>
<kw name="Go To Login Page" library="resource">
<kw name="Go To" library="SeleniumLibrary">
<arg>${LOGIN_URL}</arg>
<doc>Navigates the current browser window to the provided ``url``.</doc>
<msg timestamp="20231118 10:13:38.340" level="INFO">Opening url 'http://localhost:5001/login'</msg>
<status status="PASS" starttime="20231118 10:13:38.340" endtime="20231118 10:13:38.346"/>
</kw>
<status status="PASS" starttime="20231118 10:13:38.339" endtime="20231118 10:13:38.346"/>
</kw>
<kw name="Set Username">
<arg>heii</arg>
<kw name="Input Text" library="SeleniumLibrary">
<arg>username</arg>
<arg>${username}</arg>
<doc>Types the given ``text`` into the text field identified by ``locator``.</doc>
<msg timestamp="20231118 10:13:38.347" level="INFO">Typing text 'heii' into text field 'username'.</msg>
<status status="PASS" starttime="20231118 10:13:38.347" endtime="20231118 10:13:38.388"/>
</kw>
<status status="PASS" starttime="20231118 10:13:38.346" endtime="20231118 10:13:38.388"/>
</kw>
<kw name="Set Password">
<arg>testi12345</arg>
<kw name="Input Password" library="SeleniumLibrary">
<arg>password</arg>
<arg>${password}</arg>
<doc>Types the given password into the text field identified by ``locator``.</doc>
<msg timestamp="20231118 10:13:38.389" level="INFO">Typing password into text field 'password'.</msg>
<msg timestamp="20231118 10:13:38.404" level="INFO">Temporally setting log level to: NONE</msg>
<msg timestamp="20231118 10:13:38.423" level="INFO">Log level changed from NONE to INFO.</msg>
<status status="PASS" starttime="20231118 10:13:38.388" endtime="20231118 10:13:38.423"/>
</kw>
<status status="PASS" starttime="20231118 10:13:38.388" endtime="20231118 10:13:38.424"/>
</kw>
<kw name="Submit Credentials" library="login_resource">
<kw name="Click Button" library="SeleniumLibrary">
<arg>Login</arg>
<doc>Clicks the button identified by ``locator``.</doc>
<msg timestamp="20231118 10:13:38.424" level="INFO">Clicking button 'Login'.</msg>
<status status="PASS" starttime="20231118 10:13:38.424" endtime="20231118 10:13:38.459"/>
</kw>
<status status="PASS" starttime="20231118 10:13:38.424" endtime="20231118 10:13:38.459"/>
</kw>
<kw name="Login Should Succeed" library="login_resource">
<kw name="Main Page Should Be Open" library="resource">
<kw name="Title Should Be" library="SeleniumLibrary">
<arg>Ohtu Application main page</arg>
<doc>Verifies that the current page title equals ``title``.</doc>
<msg timestamp="20231118 10:13:38.461" level="INFO">Page title is 'Ohtu Application main page'.</msg>
<status status="PASS" starttime="20231118 10:13:38.460" endtime="20231118 10:13:38.462"/>
</kw>
<status status="PASS" starttime="20231118 10:13:38.459" endtime="20231118 10:13:38.462"/>
</kw>
<status status="PASS" starttime="20231118 10:13:38.459" endtime="20231118 10:13:38.462"/>
</kw>
<status status="PASS" starttime="20231118 10:13:38.200" endtime="20231118 10:13:38.462"/>
</test>
<test id="s1-t6" name="Login After Failed Registration" line="49">
<kw name="Go To Register Page" library="resource" type="SETUP">
<kw name="Go To" library="SeleniumLibrary">
<arg>${REGISTER_URL}</arg>
<doc>Navigates the current browser window to the provided ``url``.</doc>
<msg timestamp="20231118 10:13:38.462" level="INFO">Opening url 'http://localhost:5001/register'</msg>
<status status="PASS" starttime="20231118 10:13:38.462" endtime="20231118 10:13:38.469"/>
</kw>
<status status="PASS" starttime="20231118 10:13:38.462" endtime="20231118 10:13:38.469"/>
</kw>
<kw name="Set Username">
<arg>a</arg>
<kw name="Input Text" library="SeleniumLibrary">
<arg>username</arg>
<arg>${username}</arg>
<doc>Types the given ``text`` into the text field identified by ``locator``.</doc>
<msg timestamp="20231118 10:13:38.470" level="INFO">Typing text 'a' into text field 'username'.</msg>
<status status="PASS" starttime="20231118 10:13:38.469" endtime="20231118 10:13:38.502"/>
</kw>
<status status="PASS" starttime="20231118 10:13:38.469" endtime="20231118 10:13:38.502"/>
</kw>
<kw name="Set Password">
<arg>testi1234</arg>
<kw name="Input Password" library="SeleniumLibrary">
<arg>password</arg>
<arg>${password}</arg>
<doc>Types the given password into the text field identified by ``locator``.</doc>
<msg timestamp="20231118 10:13:38.502" level="INFO">Typing password into text field 'password'.</msg>
<msg timestamp="20231118 10:13:38.517" level="INFO">Temporally setting log level to: NONE</msg>
<msg timestamp="20231118 10:13:38.536" level="INFO">Log level changed from NONE to INFO.</msg>
<status status="PASS" starttime="20231118 10:13:38.502" endtime="20231118 10:13:38.536"/>
</kw>
<status status="PASS" starttime="20231118 10:13:38.502" endtime="20231118 10:13:38.536"/>
</kw>
<kw name="Set Password confirmation">
<arg>testi1234</arg>
<kw name="Input Password" library="SeleniumLibrary">
<arg>password_confirmation</arg>
<arg>${password_confirmation}</arg>
<doc>Types the given password into the text field identified by ``locator``.</doc>
<msg timestamp="20231118 10:13:38.537" level="INFO">Typing password into text field 'password_confirmation'.</msg>
<msg timestamp="20231118 10:13:38.551" level="INFO">Temporally setting log level to: NONE</msg>
<msg timestamp="20231118 10:13:38.570" level="INFO">Log level changed from NONE to INFO.</msg>
<status status="PASS" starttime="20231118 10:13:38.536" endtime="20231118 10:13:38.570"/>
</kw>
<status status="PASS" starttime="20231118 10:13:38.536" endtime="20231118 10:13:38.570"/>
</kw>
<kw name="Submit Register">
<kw name="Click Button" library="SeleniumLibrary">
<arg>Register</arg>
<doc>Clicks the button identified by ``locator``.</doc>
<msg timestamp="20231118 10:13:38.571" level="INFO">Clicking button 'Register'.</msg>
<status status="PASS" starttime="20231118 10:13:38.571" endtime="20231118 10:13:38.599"/>
</kw>
<status status="PASS" starttime="20231118 10:13:38.570" endtime="20231118 10:13:38.599"/>
</kw>
<kw name="Register Should Fail With Message">
<arg>Username invalid</arg>
<kw name="Register Page Should Be Open" library="resource">
<kw name="Title Should Be" library="SeleniumLibrary">
<arg>Register</arg>
<doc>Verifies that the current page title equals ``title``.</doc>
<msg timestamp="20231118 10:13:38.602" level="INFO">Page title is 'Register'.</msg>
<status status="PASS" starttime="20231118 10:13:38.600" endtime="20231118 10:13:38.602"/>
</kw>
<status status="PASS" starttime="20231118 10:13:38.600" endtime="20231118 10:13:38.602"/>
</kw>
<kw name="Page Should Contain" library="SeleniumLibrary">
<arg>${message}</arg>
<doc>Verifies that current page contains ``text``.</doc>
<msg timestamp="20231118 10:13:38.607" level="INFO">Current page contains text 'Username invalid'.</msg>
<status status="PASS" starttime="20231118 10:13:38.602" endtime="20231118 10:13:38.607"/>
</kw>
<status status="PASS" starttime="20231118 10:13:38.599" endtime="20231118 10:13:38.607"/>
</kw>
<kw name="Go To Login Page" library="resource">
<kw name="Go To" library="SeleniumLibrary">
<arg>${LOGIN_URL}</arg>
<doc>Navigates the current browser window to the provided ``url``.</doc>
<msg timestamp="20231118 10:13:38.607" level="INFO">Opening url 'http://localhost:5001/login'</msg>
<status status="PASS" starttime="20231118 10:13:38.607" endtime="20231118 10:13:38.614"/>
</kw>
<status status="PASS" starttime="20231118 10:13:38.607" endtime="20231118 10:13:38.614"/>
</kw>
<kw name="Set Username">
<arg>a</arg>
<kw name="Input Text" library="SeleniumLibrary">
<arg>username</arg>
<arg>${username}</arg>
<doc>Types the given ``text`` into the text field identified by ``locator``.</doc>
<msg timestamp="20231118 10:13:38.615" level="INFO">Typing text 'a' into text field 'username'.</msg>
<status status="PASS" starttime="20231118 10:13:38.615" endtime="20231118 10:13:38.647"/>
</kw>
<status status="PASS" starttime="20231118 10:13:38.615" endtime="20231118 10:13:38.647"/>
</kw>
<kw name="Set Password">
<arg>testi1234</arg>
<kw name="Input Password" library="SeleniumLibrary">
<arg>password</arg>
<arg>${password}</arg>
<doc>Types the given password into the text field identified by ``locator``.</doc>
<msg timestamp="20231118 10:13:38.648" level="INFO">Typing password into text field 'password'.</msg>
<msg timestamp="20231118 10:13:38.662" level="INFO">Temporally setting log level to: NONE</msg>
<msg timestamp="20231118 10:13:38.681" level="INFO">Log level changed from NONE to INFO.</msg>
<status status="PASS" starttime="20231118 10:13:38.647" endtime="20231118 10:13:38.681"/>
</kw>
<status status="PASS" starttime="20231118 10:13:38.647" endtime="20231118 10:13:38.681"/>
</kw>
<kw name="Submit Credentials" library="login_resource">
<kw name="Click Button" library="SeleniumLibrary">
<arg>Login</arg>
<doc>Clicks the button identified by ``locator``.</doc>
<msg timestamp="20231118 10:13:38.682" level="INFO">Clicking button 'Login'.</msg>
<status status="PASS" starttime="20231118 10:13:38.681" endtime="20231118 10:13:38.710"/>
</kw>
<status status="PASS" starttime="20231118 10:13:38.681" endtime="20231118 10:13:38.710"/>
</kw>
<kw name="Login Should Fail With Message" library="login_resource">
<arg>Invalid username or password</arg>
<kw name="Login Page Should Be Open" library="resource">
<kw name="Title Should Be" library="SeleniumLibrary">
<arg>Login</arg>
<doc>Verifies that the current page title equals ``title``.</doc>
<msg timestamp="20231118 10:13:38.713" level="INFO">Page title is 'Login'.</msg>
<status status="PASS" starttime="20231118 10:13:38.711" endtime="20231118 10:13:38.713"/>
</kw>
<status status="PASS" starttime="20231118 10:13:38.711" endtime="20231118 10:13:38.713"/>
</kw>
<kw name="Page Should Contain" library="SeleniumLibrary">
<arg>${message}</arg>
<doc>Verifies that current page contains ``text``.</doc>
<msg timestamp="20231118 10:13:38.720" level="INFO">Current page contains text 'Invalid username or password'.</msg>
<status status="PASS" starttime="20231118 10:13:38.713" endtime="20231118 10:13:38.721"/>
</kw>
<status status="PASS" starttime="20231118 10:13:38.711" endtime="20231118 10:13:38.721"/>
</kw>
<status status="PASS" starttime="20231118 10:13:38.462" endtime="20231118 10:13:38.721"/>
</test>
<kw name="Close Browser" library="SeleniumLibrary" type="TEARDOWN">
<doc>Closes the current browser.</doc>
<status status="PASS" starttime="20231118 10:13:38.721" endtime="20231118 10:13:38.783"/>
</kw>
<status status="PASS" starttime="20231118 10:13:36.783" endtime="20231118 10:13:38.783"/>
</suite>
<statistics>
<total>
<stat pass="6" fail="0" skip="0">All Tests</stat>
</total>
<tag>
</tag>
<suite>
<stat pass="6" fail="0" skip="0" id="s1" name="Register">Register</stat>
</suite>
</statistics>
<errors>
</errors>
</robot>
