<?xml version="1.0" encoding="UTF-8"?>
<robot generator="Robot 6.1.1 (Python 3.12.0 on linux)" generated="20231117 11:01:30.612" rpa="false" schemaversion="4">
<suite id="s1" name="Tests" source="/home/rellen/palautusrepositorio_ohtu/viikko3/login-robot/src/tests">
<suite id="s1-s1" name="Login" source="/home/rellen/palautusrepositorio_ohtu/viikko3/login-robot/src/tests/login.robot">
<test id="s1-s1-t1" name="Login With Correct Credentials" line="6">
<kw name="Create User And Input Login Command" type="SETUP">
<kw name="Create User" library="AppLibrary">
<arg>kalle</arg>
<arg>kalle123</arg>
<status status="PASS" starttime="20231117 11:01:30.627" endtime="20231117 11:01:30.627"/>
</kw>
<kw name="Input Login Command" library="resource">
<kw name="Input" library="AppLibrary">
<arg>login</arg>
<status status="PASS" starttime="20231117 11:01:30.627" endtime="20231117 11:01:30.627"/>
</kw>
<status status="PASS" starttime="20231117 11:01:30.627" endtime="20231117 11:01:30.627"/>
</kw>
<status status="PASS" starttime="20231117 11:01:30.627" endtime="20231117 11:01:30.627"/>
</kw>
<kw name="Input Credentials" library="resource">
<arg>kalle</arg>
<arg>kalle123</arg>
<kw name="Input" library="AppLibrary">
<arg>${username}</arg>
<status status="PASS" starttime="20231117 11:01:30.628" endtime="20231117 11:01:30.628"/>
</kw>
<kw name="Input" library="AppLibrary">
<arg>${password}</arg>
<status status="PASS" starttime="20231117 11:01:30.628" endtime="20231117 11:01:30.628"/>
</kw>
<kw name="Run Application" library="AppLibrary">
<status status="PASS" starttime="20231117 11:01:30.628" endtime="20231117 11:01:30.628"/>
</kw>
<status status="PASS" starttime="20231117 11:01:30.628" endtime="20231117 11:01:30.628"/>
</kw>
<kw name="Output Should Contain" library="AppLibrary">
<arg>Logged in</arg>
<status status="PASS" starttime="20231117 11:01:30.628" endtime="20231117 11:01:30.628"/>
</kw>
<status status="PASS" starttime="20231117 11:01:30.626" endtime="20231117 11:01:30.628"/>
</test>
<test id="s1-s1-t2" name="Login With Incorrect password" line="10">
<kw name="Create User And Input Login Command" type="SETUP">
<kw name="Create User" library="AppLibrary">
<arg>kalle</arg>
<arg>kalle123</arg>
<status status="PASS" starttime="20231117 11:01:30.629" endtime="20231117 11:01:30.629"/>
</kw>
<kw name="Input Login Command" library="resource">
<kw name="Input" library="AppLibrary">
<arg>login</arg>
<status status="PASS" starttime="20231117 11:01:30.629" endtime="20231117 11:01:30.629"/>
</kw>
<status status="PASS" starttime="20231117 11:01:30.629" endtime="20231117 11:01:30.629"/>
</kw>
<status status="PASS" starttime="20231117 11:01:30.629" endtime="20231117 11:01:30.629"/>
</kw>
<kw name="Input Credentials" library="resource">
<arg>kalle</arg>
<arg>kalle1</arg>
<kw name="Input" library="AppLibrary">
<arg>${username}</arg>
<status status="PASS" starttime="20231117 11:01:30.629" endtime="20231117 11:01:30.629"/>
</kw>
<kw name="Input" library="AppLibrary">
<arg>${password}</arg>
<status status="PASS" starttime="20231117 11:01:30.629" endtime="20231117 11:01:30.629"/>
</kw>
<kw name="Run Application" library="AppLibrary">
<status status="PASS" starttime="20231117 11:01:30.629" endtime="20231117 11:01:30.629"/>
</kw>
<status status="PASS" starttime="20231117 11:01:30.629" endtime="20231117 11:01:30.629"/>
</kw>
<kw name="Output Should Contain" library="AppLibrary">
<arg>Invalid username or password</arg>
<status status="PASS" starttime="20231117 11:01:30.629" endtime="20231117 11:01:30.630"/>
</kw>
<status status="PASS" starttime="20231117 11:01:30.628" endtime="20231117 11:01:30.630"/>
</test>
<test id="s1-s1-t3" name="Login With Nonexistent Username" line="14">
<kw name="Create User And Input Login Command" type="SETUP">
<kw name="Create User" library="AppLibrary">
<arg>kalle</arg>
<arg>kalle123</arg>
<status status="PASS" starttime="20231117 11:01:30.630" endtime="20231117 11:01:30.630"/>
</kw>
<kw name="Input Login Command" library="resource">
<kw name="Input" library="AppLibrary">
<arg>login</arg>
<status status="PASS" starttime="20231117 11:01:30.630" endtime="20231117 11:01:30.630"/>
</kw>
<status status="PASS" starttime="20231117 11:01:30.630" endtime="20231117 11:01:30.630"/>
</kw>
<status status="PASS" starttime="20231117 11:01:30.630" endtime="20231117 11:01:30.630"/>
</kw>
<kw name="Input Credentials" library="resource">
<arg>user</arg>
<arg>kalle1</arg>
<kw name="Input" library="AppLibrary">
<arg>${username}</arg>
<status status="PASS" starttime="20231117 11:01:30.631" endtime="20231117 11:01:30.631"/>
</kw>
<kw name="Input" library="AppLibrary">
<arg>${password}</arg>
<status status="PASS" starttime="20231117 11:01:30.631" endtime="20231117 11:01:30.631"/>
</kw>
<kw name="Run Application" library="AppLibrary">
<status status="PASS" starttime="20231117 11:01:30.631" endtime="20231117 11:01:30.631"/>
</kw>
<status status="PASS" starttime="20231117 11:01:30.630" endtime="20231117 11:01:30.631"/>
</kw>
<kw name="Output Should Contain" library="AppLibrary">
<arg>Invalid username or password</arg>
<status status="PASS" starttime="20231117 11:01:30.631" endtime="20231117 11:01:30.631"/>
</kw>
<status status="PASS" starttime="20231117 11:01:30.630" endtime="20231117 11:01:30.631"/>
</test>
<status status="PASS" starttime="20231117 11:01:30.623" endtime="20231117 11:01:30.631"/>
</suite>
<suite id="s1-s2" name="Register" source="/home/rellen/palautusrepositorio_ohtu/viikko3/login-robot/src/tests/register.robot">
<test id="s1-s2-t1" name="Register With Valid Username And Password" line="6">
<kw name="Input New Command And Create User" type="SETUP">
<kw name="Create User" library="AppLibrary">
<arg>testi</arg>
<arg>testi321</arg>
<status status="PASS" starttime="20231117 11:01:30.633" endtime="20231117 11:01:30.633"/>
</kw>
<kw name="Input New Command" library="resource">
<kw name="Input" library="AppLibrary">
<arg>new</arg>
<status status="PASS" starttime="20231117 11:01:30.633" endtime="20231117 11:01:30.633"/>
</kw>
<status status="PASS" starttime="20231117 11:01:30.633" endtime="20231117 11:01:30.633"/>
</kw>
<status status="PASS" starttime="20231117 11:01:30.633" endtime="20231117 11:01:30.633"/>
</kw>
<kw name="Input Credentials" library="resource">
<arg>testaaja</arg>
<arg>testaaja123</arg>
<kw name="Input" library="AppLibrary">
<arg>${username}</arg>
<status status="PASS" starttime="20231117 11:01:30.633" endtime="20231117 11:01:30.633"/>
</kw>
<kw name="Input" library="AppLibrary">
<arg>${password}</arg>
<status status="PASS" starttime="20231117 11:01:30.633" endtime="20231117 11:01:30.633"/>
</kw>
<kw name="Run Application" library="AppLibrary">
<status status="PASS" starttime="20231117 11:01:30.633" endtime="20231117 11:01:30.633"/>
</kw>
<status status="PASS" starttime="20231117 11:01:30.633" endtime="20231117 11:01:30.634"/>
</kw>
<kw name="Output Should Contain" library="AppLibrary">
<arg>New user registered</arg>
<status status="PASS" starttime="20231117 11:01:30.634" endtime="20231117 11:01:30.634"/>
</kw>
<status status="PASS" starttime="20231117 11:01:30.632" endtime="20231117 11:01:30.634"/>
</test>
<test id="s1-s2-t2" name="Register With Already Taken Username And Valid Password" line="10">
<kw name="Input New Command And Create User" type="SETUP">
<kw name="Create User" library="AppLibrary">
<arg>testi</arg>
<arg>testi321</arg>
<status status="PASS" starttime="20231117 11:01:30.634" endtime="20231117 11:01:30.634"/>
</kw>
<kw name="Input New Command" library="resource">
<kw name="Input" library="AppLibrary">
<arg>new</arg>
<status status="PASS" starttime="20231117 11:01:30.634" endtime="20231117 11:01:30.634"/>
</kw>
<status status="PASS" starttime="20231117 11:01:30.634" endtime="20231117 11:01:30.634"/>
</kw>
<status status="PASS" starttime="20231117 11:01:30.634" endtime="20231117 11:01:30.634"/>
</kw>
<kw name="Input Credentials" library="resource">
<arg>testi</arg>
<arg>salasana12</arg>
<kw name="Input" library="AppLibrary">
<arg>${username}</arg>
<status status="PASS" starttime="20231117 11:01:30.635" endtime="20231117 11:01:30.635"/>
</kw>
<kw name="Input" library="AppLibrary">
<arg>${password}</arg>
<status status="PASS" starttime="20231117 11:01:30.635" endtime="20231117 11:01:30.635"/>
</kw>
<kw name="Run Application" library="AppLibrary">
<status status="PASS" starttime="20231117 11:01:30.635" endtime="20231117 11:01:30.635"/>
</kw>
<status status="PASS" starttime="20231117 11:01:30.635" endtime="20231117 11:01:30.635"/>
</kw>
<kw name="Output Should Contain" library="AppLibrary">
<arg>User with username testi already exists</arg>
<status status="PASS" starttime="20231117 11:01:30.635" endtime="20231117 11:01:30.635"/>
</kw>
<status status="PASS" starttime="20231117 11:01:30.634" endtime="20231117 11:01:30.635"/>
</test>
<test id="s1-s2-t3" name="Register With Too Short Username And Valid Password" line="14">
<kw name="Input New Command And Create User" type="SETUP">
<kw name="Create User" library="AppLibrary">
<arg>testi</arg>
<arg>testi321</arg>
<status status="PASS" starttime="20231117 11:01:30.636" endtime="20231117 11:01:30.636"/>
</kw>
<kw name="Input New Command" library="resource">
<kw name="Input" library="AppLibrary">
<arg>new</arg>
<status status="PASS" starttime="20231117 11:01:30.636" endtime="20231117 11:01:30.636"/>
</kw>
<status status="PASS" starttime="20231117 11:01:30.636" endtime="20231117 11:01:30.636"/>
</kw>
<status status="PASS" starttime="20231117 11:01:30.636" endtime="20231117 11:01:30.636"/>
</kw>
<kw name="Input Credentials" library="resource">
<arg>mm</arg>
<arg>testi3211</arg>
<kw name="Input" library="AppLibrary">
<arg>${username}</arg>
<status status="PASS" starttime="20231117 11:01:30.636" endtime="20231117 11:01:30.636"/>
</kw>
<kw name="Input" library="AppLibrary">
<arg>${password}</arg>
<status status="PASS" starttime="20231117 11:01:30.636" endtime="20231117 11:01:30.636"/>
</kw>
<kw name="Run Application" library="AppLibrary">
<status status="PASS" starttime="20231117 11:01:30.636" endtime="20231117 11:01:30.636"/>
</kw>
<status status="PASS" starttime="20231117 11:01:30.636" endtime="20231117 11:01:30.636"/>
</kw>
<kw name="Output Should Contain" library="AppLibrary">
<arg>Username invalid</arg>
<status status="PASS" starttime="20231117 11:01:30.636" endtime="20231117 11:01:30.636"/>
</kw>
<status status="PASS" starttime="20231117 11:01:30.635" endtime="20231117 11:01:30.637"/>
</test>
<test id="s1-s2-t4" name="Register With Enough Long But Invalid Username And Valid Password" line="18">
<kw name="Input New Command And Create User" type="SETUP">
<kw name="Create User" library="AppLibrary">
<arg>testi</arg>
<arg>testi321</arg>
<status status="PASS" starttime="20231117 11:01:30.637" endtime="20231117 11:01:30.637"/>
</kw>
<kw name="Input New Command" library="resource">
<kw name="Input" library="AppLibrary">
<arg>new</arg>
<status status="PASS" starttime="20231117 11:01:30.637" endtime="20231117 11:01:30.637"/>
</kw>
<status status="PASS" starttime="20231117 11:01:30.637" endtime="20231117 11:01:30.637"/>
</kw>
<status status="PASS" starttime="20231117 11:01:30.637" endtime="20231117 11:01:30.637"/>
</kw>
<kw name="Input Credentials" library="resource">
<arg>HuoNo1</arg>
<arg>numeroita1</arg>
<kw name="Input" library="AppLibrary">
<arg>${username}</arg>
<status status="PASS" starttime="20231117 11:01:30.637" endtime="20231117 11:01:30.638"/>
</kw>
<kw name="Input" library="AppLibrary">
<arg>${password}</arg>
<status status="PASS" starttime="20231117 11:01:30.638" endtime="20231117 11:01:30.638"/>
</kw>
<kw name="Run Application" library="AppLibrary">
<status status="PASS" starttime="20231117 11:01:30.638" endtime="20231117 11:01:30.638"/>
</kw>
<status status="PASS" starttime="20231117 11:01:30.637" endtime="20231117 11:01:30.638"/>
</kw>
<kw name="Output Should Contain" library="AppLibrary">
<arg>Username invalid</arg>
<status status="PASS" starttime="20231117 11:01:30.638" endtime="20231117 11:01:30.638"/>
</kw>
<status status="PASS" starttime="20231117 11:01:30.637" endtime="20231117 11:01:30.638"/>
</test>
<test id="s1-s2-t5" name="Register With Valid Username And Too Short Password" line="22">
<kw name="Input New Command And Create User" type="SETUP">
<kw name="Create User" library="AppLibrary">
<arg>testi</arg>
<arg>testi321</arg>
<status status="PASS" starttime="20231117 11:01:30.638" endtime="20231117 11:01:30.638"/>
</kw>
<kw name="Input New Command" library="resource">
<kw name="Input" library="AppLibrary">
<arg>new</arg>
<status status="PASS" starttime="20231117 11:01:30.639" endtime="20231117 11:01:30.639"/>
</kw>
<status status="PASS" starttime="20231117 11:01:30.638" endtime="20231117 11:01:30.639"/>
</kw>
<status status="PASS" starttime="20231117 11:01:30.638" endtime="20231117 11:01:30.639"/>
</kw>
<kw name="Input Credentials" library="resource">
<arg>testaaja</arg>
<arg>sal1</arg>
<kw name="Input" library="AppLibrary">
<arg>${username}</arg>
<status status="PASS" starttime="20231117 11:01:30.639" endtime="20231117 11:01:30.639"/>
</kw>
<kw name="Input" library="AppLibrary">
<arg>${password}</arg>
<status status="PASS" starttime="20231117 11:01:30.639" endtime="20231117 11:01:30.639"/>
</kw>
<kw name="Run Application" library="AppLibrary">
<status status="PASS" starttime="20231117 11:01:30.639" endtime="20231117 11:01:30.639"/>
</kw>
<status status="PASS" starttime="20231117 11:01:30.639" endtime="20231117 11:01:30.639"/>
</kw>
<kw name="Output Should Contain" library="AppLibrary">
<arg>Password invalid</arg>
<status status="PASS" starttime="20231117 11:01:30.639" endtime="20231117 11:01:30.639"/>
</kw>
<status status="PASS" starttime="20231117 11:01:30.638" endtime="20231117 11:01:30.639"/>
</test>
<test id="s1-s2-t6" name="Register With Valid Username And Long Enough Password Containing Only Letters" line="26">
<kw name="Input New Command And Create User" type="SETUP">
<kw name="Create User" library="AppLibrary">
<arg>testi</arg>
<arg>testi321</arg>
<status status="PASS" starttime="20231117 11:01:30.640" endtime="20231117 11:01:30.640"/>
</kw>
<kw name="Input New Command" library="resource">
<kw name="Input" library="AppLibrary">
<arg>new</arg>
<status status="PASS" starttime="20231117 11:01:30.640" endtime="20231117 11:01:30.640"/>
</kw>
<status status="PASS" starttime="20231117 11:01:30.640" endtime="20231117 11:01:30.640"/>
</kw>
<status status="PASS" starttime="20231117 11:01:30.640" endtime="20231117 11:01:30.640"/>
</kw>
<kw name="Input Credentials" library="resource">
<arg>testaajaa</arg>
<arg>salasana</arg>
<kw name="Input" library="AppLibrary">
<arg>${username}</arg>
<status status="PASS" starttime="20231117 11:01:30.640" endtime="20231117 11:01:30.640"/>
</kw>
<kw name="Input" library="AppLibrary">
<arg>${password}</arg>
<status status="PASS" starttime="20231117 11:01:30.640" endtime="20231117 11:01:30.640"/>
</kw>
<kw name="Run Application" library="AppLibrary">
<status status="PASS" starttime="20231117 11:01:30.640" endtime="20231117 11:01:30.640"/>
</kw>
<status status="PASS" starttime="20231117 11:01:30.640" endtime="20231117 11:01:30.640"/>
</kw>
<kw name="Output Should Contain" library="AppLibrary">
<arg>Password invalid</arg>
<status status="PASS" starttime="20231117 11:01:30.641" endtime="20231117 11:01:30.641"/>
</kw>
<status status="PASS" starttime="20231117 11:01:30.639" endtime="20231117 11:01:30.641"/>
</test>
<status status="PASS" starttime="20231117 11:01:30.631" endtime="20231117 11:01:30.641"/>
</suite>
<status status="PASS" starttime="20231117 11:01:30.612" endtime="20231117 11:01:30.641"/>
</suite>
<statistics>
<total>
<stat pass="9" fail="0" skip="0">All Tests</stat>
</total>
<tag>
</tag>
<suite>
<stat pass="9" fail="0" skip="0" id="s1" name="Tests">Tests</stat>
<stat pass="3" fail="0" skip="0" id="s1-s1" name="Login">Tests.Login</stat>
<stat pass="6" fail="0" skip="0" id="s1-s2" name="Register">Tests.Register</stat>
</suite>
</statistics>
<errors>
</errors>
</robot>
